
ROM used: 3126 (5%)
          3126 (5%) including unused fragments

          1 Average locations per line
          5 Average locations per statement

RAM used: 1038 (31%) at main() level
          1085 (33%) worst case

Stack used: 4 worst case (out of 31 total available)

Lines Stmts  %   Files
----- ----- ---  -----
  483    78  11  show.c
   31     0   0  show.h
  461     0   0  ..\..\..\..\Program Files (x86)\PICC\devices\18F4680.h
  351    78  11  ..\..\..\..\Program Files (x86)\PICC\drivers\HDM64GS12.c
  556   167  24  ..\..\..\..\Program Files (x86)\PICC\drivers\graphics.c
 1273   359  53  ..\..\..\..\Program Files (x86)\PICC\drivers\stdlib.h
   28     0   0  ..\..\..\..\Program Files (x86)\PICC\drivers\stddef.h
  409     0   0  ..\..\..\..\Program Files (x86)\PICC\drivers\string.h
   28     0   0  ..\..\..\..\Program Files (x86)\PICC\drivers\ctype.h
----- -----
 3620   682 Total

Page ROM  %  RAM   Vol Diff  Functions:
---- --- --- ---   --- ----  ----------
0     42   1   1             @delay_ms1
0    168   3   1   580  3.2  glcd_init
0    184   3   7   609  5.4  glcd_update
0    188   3   9   466  7.8  glcd_pixel
0     92   1  10   317  4.7  glcd_fillScreen
0     64   1   2   257  2.8  glcd_writeByte
0    272   4   0   318  2.8  @const101
0    236   4   0  1475  8.8  @const104
0    318   5  17  1475  8.8  glcd_line
0    194   3   6  1036  5.8  glcd_rect
0    440   7  20  1618 11.9  glcd_text57
0    136   2   0   216  2.6  MAIN
0     32   1   1   662  6.0  @SPRINTF
0    128   2  13   662  6.0  @DIV3232
0    232   4  13   837  6.5  @PRINTF_L32U_469FP
0    156   2   0   488  1.9  draw_sect
0    206   3   7   662  6.0  glcd_text_sec
0     34   1   0 17153 10.6  @goto11684

Program metrics:
    Functions               17
    Statements              682
    Comments                1107
    Volume (V)              39740
    Difficilty (D)          102.2
    Effort to implement (E) 4063159
    Time to implement (T)   62 hours, 42 minutes
    Est Delivered Bugs (B)  8
    Cyclomatic Complexity   89
    Maintainability (MI)    66

 Segment     Used  Free
-----------  ----  ----
00000-00002     4  0  
00004-0FFFE  3122  62410  



