
ROM used: 4254 (6%)
          4254 (6%) including unused fragments

          1 Average locations per line
          6 Average locations per statement

RAM used: 119 (4%) at main() level
          162 (5%) worst case

Stack used: 4 worst case (out of 31 total available)

Lines Stmts  %   Files
----- ----- ---  -----
  397   170  24  tx.c
   35     0   0  tx.h
  472     0   0  ..\..\..\..\Program Files (x86)\PICC\devices\18F4680.h
 2182   260  37  ..\..\..\..\Program Files (x86)\PICC\drivers\math.h
   37     0   0  ..\..\..\..\Program Files (x86)\PICC\drivers\stdio.h
  409   121  17  ..\..\..\..\Program Files (x86)\PICC\drivers\string.h
   32     0   0  ..\..\..\..\Program Files (x86)\PICC\drivers\stddef.h
   28     0   0  ..\..\..\..\Program Files (x86)\PICC\drivers\ctype.h
  467   108  15  ..\Libs\bmp085.c
  166    39   6  ..\Libs\dht22.c
----- -----
 4225   698 Total

Page ROM  %  RAM   Vol Diff  Functions:
---- --- --- ---   --- ----  ----------
0     38   0   1             @delay_ms1
0     54   1   2             @ITOF
0    242   3  11             @MULFF
0    618   7  16             @ADDFF
0    346   4  14             @DIVFF
0     12   0   0    33  1.3  TIMER1_isr
0     42   0   0    45  1.4  TIMER3_isr
0     10   0   0    22  1.2  EXT_isr
0      6   0   0     5  1.0  RDA_isr
0    622   7   1  2261  7.4  MAIN
0     38   0   2             @PSTRINGR_9600_31766_31767
0    220   3   9             @PRINTF_LD_9600_31766_31767
0     40   0   3             @DIV88
0    108   1   2             @PRINTF_U_9600_31766_31767
0    492   6   0   924  6.6  poll_vel
0     64   1   5             @FTOSD
0    142   2  13             @DIV3232
0    450   5  13             @PRINTF_L32D_9600_31766_31767FPFPFR
0    384   5   2  1119  5.3  poll_light
0     68   1   5             @DIV1616
0     52   1   0   223  3.2  poll_dir

Program metrics:
    Functions               8
    Statements              698
    Comments                1106
    Volume (V)              6138
    Difficilty (D)          27.8
    Effort to implement (E) 170547
    Time to implement (T)   2 hours, 38 minutes
    Est Delivered Bugs (B)  1
    Cyclomatic Complexity   26
    Maintainability (MI)    34

 Segment     Used  Free
-----------  ----  ----
00000-00002     4  0  
00004-00006     0  4  
00008-000D0   202  0  
000D2-0FFFE  4048  61278  



